\BOOKMARK [1][-]{section.1}{Revision History}{}% 1
\BOOKMARK [1][-]{section.2}{Symbols, Abbreviations and Acronyms}{}% 2
\BOOKMARK [1][-]{section.3}{General Information}{}% 3
\BOOKMARK [2][-]{subsection.3.1}{Summary}{section.3}% 4
\BOOKMARK [2][-]{subsection.3.2}{Objectives}{section.3}% 5
\BOOKMARK [2][-]{subsection.3.3}{Relevant Documentation}{section.3}% 6
\BOOKMARK [1][-]{section.4}{Plan}{}% 7
\BOOKMARK [2][-]{subsection.4.1}{Verification and Validation Team}{section.4}% 8
\BOOKMARK [2][-]{subsection.4.2}{SRS Verification Plan}{section.4}% 9
\BOOKMARK [2][-]{subsection.4.3}{Design Verification Plan}{section.4}% 10
\BOOKMARK [2][-]{subsection.4.4}{Implementation Verification Plan}{section.4}% 11
\BOOKMARK [2][-]{subsection.4.5}{Automated Testing and Verification Tools}{section.4}% 12
\BOOKMARK [2][-]{subsection.4.6}{Software Validation Plan}{section.4}% 13
\BOOKMARK [1][-]{section.5}{System Test Description}{}% 14
\BOOKMARK [2][-]{subsection.5.1}{Tests for Functional Requirements}{section.5}% 15
\BOOKMARK [3][-]{subsubsection.5.1.1}{Image Processing and Storage Functional Requirements}{subsection.5.1}% 16
\BOOKMARK [3][-]{subsubsection.5.1.2}{UI Menu Functional Requirements}{subsection.5.1}% 17
\BOOKMARK [2][-]{subsection.5.2}{Tests for Nonfunctional Requirements}{section.5}% 18
\BOOKMARK [3][-]{subsubsection.5.2.1}{Usability}{subsection.5.2}% 19
\BOOKMARK [3][-]{subsubsection.5.2.2}{Performance}{subsection.5.2}% 20
\BOOKMARK [2][-]{subsection.5.3}{Traceability Between Test Cases and Requirements}{section.5}% 21
\BOOKMARK [1][-]{section.6}{Proof of Concept Testing}{}% 22
\BOOKMARK [2][-]{subsection.6.1}{Significant Risks}{section.6}% 23
\BOOKMARK [2][-]{subsection.6.2}{Demonstration Plan}{section.6}% 24
\BOOKMARK [1][-]{section.7}{Unit Test Description}{}% 25
\BOOKMARK [2][-]{subsection.7.1}{Unit Testing of Internal Functions}{section.7}% 26
\BOOKMARK [2][-]{subsection.7.2}{Unit Testing of Output Files}{section.7}% 27
\BOOKMARK [1][-]{section.8}{Appendix}{}% 28
\BOOKMARK [2][-]{subsection.8.1}{Usability Survey Questions}{section.8}% 29
