\BOOKMARK [1][-]{section.1}{Revision History}{}% 1
\BOOKMARK [1][-]{section.2}{Symbols, Abbreviations and Acronyms}{}% 2
\BOOKMARK [1][-]{section.3}{Introduction}{}% 3
\BOOKMARK [1][-]{section.4}{Notation}{}% 4
\BOOKMARK [1][-]{section.5}{Module Decomposition}{}% 5
\BOOKMARK [1][-]{section.6}{MIS of Login Module}{}% 6
\BOOKMARK [2][-]{subsection.6.1}{Uses}{section.6}% 7
\BOOKMARK [2][-]{subsection.6.2}{Syntax}{section.6}% 8
\BOOKMARK [3][-]{subsubsection.6.2.1}{Constants}{subsection.6.2}% 9
\BOOKMARK [3][-]{subsubsection.6.2.2}{Access Programs}{subsection.6.2}% 10
\BOOKMARK [2][-]{subsection.6.3}{Semantics}{section.6}% 11
\BOOKMARK [3][-]{subsubsection.6.3.1}{State Variables}{subsection.6.3}% 12
\BOOKMARK [3][-]{subsubsection.6.3.2}{Environment Variables}{subsection.6.3}% 13
\BOOKMARK [3][-]{subsubsection.6.3.3}{Assumptions}{subsection.6.3}% 14
\BOOKMARK [3][-]{subsubsection.6.3.4}{Access Routine Semantics}{subsection.6.3}% 15
\BOOKMARK [3][-]{subsubsection.6.3.5}{Local Functions}{subsection.6.3}% 16
\BOOKMARK [1][-]{section.7}{MIS of Information Storage Module}{}% 17
\BOOKMARK [2][-]{subsection.7.1}{Uses}{section.7}% 18
\BOOKMARK [2][-]{subsection.7.2}{Syntax}{section.7}% 19
\BOOKMARK [3][-]{subsubsection.7.2.1}{Constants}{subsection.7.2}% 20
\BOOKMARK [3][-]{subsubsection.7.2.2}{Exported Access Programs}{subsection.7.2}% 21
\BOOKMARK [2][-]{subsection.7.3}{Semantics}{section.7}% 22
\BOOKMARK [3][-]{subsubsection.7.3.1}{State Variables}{subsection.7.3}% 23
\BOOKMARK [3][-]{subsubsection.7.3.2}{Environment Variables}{subsection.7.3}% 24
\BOOKMARK [3][-]{subsubsection.7.3.3}{Assumptions}{subsection.7.3}% 25
\BOOKMARK [3][-]{subsubsection.7.3.4}{Access Routine Semantics}{subsection.7.3}% 26
\BOOKMARK [3][-]{subsubsection.7.3.5}{Local Functions}{subsection.7.3}% 27
\BOOKMARK [1][-]{section.8}{MIS of Information Extraction Module}{}% 28
\BOOKMARK [2][-]{subsection.8.1}{Uses}{section.8}% 29
\BOOKMARK [2][-]{subsection.8.2}{Syntax}{section.8}% 30
\BOOKMARK [3][-]{subsubsection.8.2.1}{Constants}{subsection.8.2}% 31
\BOOKMARK [3][-]{subsubsection.8.2.2}{Access Programs}{subsection.8.2}% 32
\BOOKMARK [2][-]{subsection.8.3}{Semantics}{section.8}% 33
\BOOKMARK [3][-]{subsubsection.8.3.1}{State Variables}{subsection.8.3}% 34
\BOOKMARK [3][-]{subsubsection.8.3.2}{Environment Variables}{subsection.8.3}% 35
\BOOKMARK [3][-]{subsubsection.8.3.3}{Assumptions}{subsection.8.3}% 36
\BOOKMARK [3][-]{subsubsection.8.3.4}{Access Routine Semantics}{subsection.8.3}% 37
\BOOKMARK [3][-]{subsubsection.8.3.5}{Local Functions}{subsection.8.3}% 38
\BOOKMARK [1][-]{section.9}{MIS of Image Processing Module}{}% 39
\BOOKMARK [2][-]{subsection.9.1}{Uses}{section.9}% 40
\BOOKMARK [2][-]{subsection.9.2}{Syntax}{section.9}% 41
\BOOKMARK [3][-]{subsubsection.9.2.1}{Constants}{subsection.9.2}% 42
\BOOKMARK [3][-]{subsubsection.9.2.2}{Access Programs}{subsection.9.2}% 43
\BOOKMARK [2][-]{subsection.9.3}{Semantics}{section.9}% 44
\BOOKMARK [3][-]{subsubsection.9.3.1}{State Variables}{subsection.9.3}% 45
\BOOKMARK [3][-]{subsubsection.9.3.2}{Environment Variables}{subsection.9.3}% 46
\BOOKMARK [3][-]{subsubsection.9.3.3}{Assumptions}{subsection.9.3}% 47
\BOOKMARK [3][-]{subsubsection.9.3.4}{Access Routine Semantics}{subsection.9.3}% 48
\BOOKMARK [3][-]{subsubsection.9.3.5}{Local Functions}{subsection.9.3}% 49
\BOOKMARK [1][-]{section.10}{MIS of Communication Port 1 Module}{}% 50
\BOOKMARK [2][-]{subsection.10.1}{Uses}{section.10}% 51
\BOOKMARK [2][-]{subsection.10.2}{Syntax}{section.10}% 52
\BOOKMARK [3][-]{subsubsection.10.2.1}{Constants}{subsection.10.2}% 53
\BOOKMARK [3][-]{subsubsection.10.2.2}{Access Programs}{subsection.10.2}% 54
\BOOKMARK [2][-]{subsection.10.3}{Semantics}{section.10}% 55
\BOOKMARK [3][-]{subsubsection.10.3.1}{State Variables}{subsection.10.3}% 56
\BOOKMARK [3][-]{subsubsection.10.3.2}{Environment Variables}{subsection.10.3}% 57
\BOOKMARK [3][-]{subsubsection.10.3.3}{Assumptions}{subsection.10.3}% 58
\BOOKMARK [3][-]{subsubsection.10.3.4}{Access Routine Semantics}{subsection.10.3}% 59
\BOOKMARK [3][-]{subsubsection.10.3.5}{Local Functions}{subsection.10.3}% 60
\BOOKMARK [1][-]{section.11}{MIS of Communication Port 2 Module}{}% 61
\BOOKMARK [2][-]{subsection.11.1}{Uses}{section.11}% 62
\BOOKMARK [2][-]{subsection.11.2}{Syntax}{section.11}% 63
\BOOKMARK [3][-]{subsubsection.11.2.1}{Constants}{subsection.11.2}% 64
\BOOKMARK [3][-]{subsubsection.11.2.2}{Access Programs}{subsection.11.2}% 65
\BOOKMARK [2][-]{subsection.11.3}{Semantics}{section.11}% 66
\BOOKMARK [3][-]{subsubsection.11.3.1}{State Variables}{subsection.11.3}% 67
\BOOKMARK [3][-]{subsubsection.11.3.2}{Environment Variables}{subsection.11.3}% 68
\BOOKMARK [3][-]{subsubsection.11.3.3}{Assumptions}{subsection.11.3}% 69
\BOOKMARK [3][-]{subsubsection.11.3.4}{Access Routine Semantics}{subsection.11.3}% 70
\BOOKMARK [3][-]{subsubsection.11.3.5}{Local Functions}{subsection.11.3}% 71
\BOOKMARK [1][-]{section.12}{MIS of Motor Control Module}{}% 72
\BOOKMARK [2][-]{subsection.12.1}{Uses}{section.12}% 73
\BOOKMARK [2][-]{subsection.12.2}{Syntax}{section.12}% 74
\BOOKMARK [3][-]{subsubsection.12.2.1}{Constants}{subsection.12.2}% 75
\BOOKMARK [3][-]{subsubsection.12.2.2}{Access Programs}{subsection.12.2}% 76
\BOOKMARK [2][-]{subsection.12.3}{Semantics}{section.12}% 77
\BOOKMARK [3][-]{subsubsection.12.3.1}{State Variables}{subsection.12.3}% 78
\BOOKMARK [3][-]{subsubsection.12.3.2}{Environment Variables}{subsection.12.3}% 79
\BOOKMARK [3][-]{subsubsection.12.3.3}{Assumptions}{subsection.12.3}% 80
\BOOKMARK [3][-]{subsubsection.12.3.4}{Access Routine Semantics}{subsection.12.3}% 81
\BOOKMARK [3][-]{subsubsection.12.3.5}{Local Functions}{subsection.12.3}% 82
\BOOKMARK [1][-]{section.13}{Appendix}{}% 83
