This is pdfTeX, Version 3.14159265-2.6-1.40.21 (MiKTeX 20.11) (preloaded format=pdflatex 2020.12.3)  5 APR 2023 16:14
entering extended mode
**./VnVReport.tex
(VnVReport.tex
LaTeX2e <2020-10-01> patch level 2
L3 programming layer <2020-10-27> xparse <2020-03-03>
(D:\latex\tex/latex/base\article.cls
Document Class: article 2020/04/10 v1.4m Standard LaTeX document class
(D:\latex\tex/latex/base\size12.clo
File: size12.clo 2020/04/10 v1.4m Standard LaTeX file (size option)
)
\c@part=\count175
\c@section=\count176
\c@subsection=\count177
\c@subsubsection=\count178
\c@paragraph=\count179
\c@subparagraph=\count180
\c@figure=\count181
\c@table=\count182
\abovecaptionskip=\skip47
\belowcaptionskip=\skip48
\bibindent=\dimen138
) (D:\latex\tex/latex/graphics\graphicx.sty
Package: graphicx 2020/09/09 v1.2b Enhanced LaTeX Graphics (DPC,SPQR)
(D:\latex\tex/latex/graphics\keyval.sty
Package: keyval 2014/10/28 v1.15 key=value parser (DPC)
\KV@toks@=\toks15
)
(D:\latex\tex/latex/graphics\graphics.sty
Package: graphics 2020/08/30 v1.4c Standard LaTeX Graphics (DPC,SPQR)
 (D:\latex\tex/latex/graphics\trig.sty
Package: trig 2016/01/03 v1.10 sin cos tan (DPC)
) (D:\latex\tex/latex/graphics-cfg\graphics.cfg
File: graphics.cfg 2016/06/04 v1.11 sample graphics configuration
)
Package graphics Info: Driver file: pdftex.def on input line 105.

(D:\latex\tex/latex/graphics-def\pdftex.def
File: pdftex.def 2020/10/05 v1.2a Graphics/color driver for pdftex
))
\Gin@req@height=\dimen139
\Gin@req@width=\dimen140
)
(C:\Users\123\AppData\Roaming\MiKTeX\tex/latex/float\float.sty
Package: float 2001/11/08 v1.3d Float enhancements (AL)
\c@float@type=\count183
\float@exts=\toks16
\float@box=\box47
\@float@everytoks=\toks17
\@floatcapt=\box48
)
(C:\Users\123\AppData\Roaming\MiKTeX\tex/latex/booktabs\booktabs.sty
Package: booktabs 2020/01/12 v1.61803398 Publication quality tables
\heavyrulewidth=\dimen141
\lightrulewidth=\dimen142
\cmidrulewidth=\dimen143
\belowrulesep=\dimen144
\belowbottomsep=\dimen145
\aboverulesep=\dimen146
\abovetopsep=\dimen147
\cmidrulesep=\dimen148
\cmidrulekern=\dimen149
\defaultaddspace=\dimen150
\@cmidla=\count184
\@cmidlb=\count185
\@aboverulesep=\dimen151
\@belowrulesep=\dimen152
\@thisruleclass=\count186
\@lastruleclass=\count187
\@thisrulewidth=\dimen153
)
(D:\latex\tex/latex/tools\tabularx.sty
Package: tabularx 2020/01/15 v2.11c `tabularx' package (DPC)
 (D:\latex\tex/latex/tools\array.sty
Package: array 2019/08/31 v2.4l Tabular extension package (FMi)
\col@sep=\dimen154
\ar@mcellbox=\box49
\extrarowheight=\dimen155
\NC@list=\toks18
\extratabsurround=\skip49
\backup@length=\skip50
\ar@cellbox=\box50
)
\TX@col@width=\dimen156
\TX@old@table=\dimen157
\TX@old@col=\dimen158
\TX@target=\dimen159
\TX@delta=\dimen160
\TX@cols=\count188
\TX@ftn=\toks19
)
(D:\latex\tex/latex/hyperref\hyperref.sty
Package: hyperref 2020-05-15 v7.00e Hypertext links for LaTeX

(C:\Users\123\AppData\Roaming\MiKTeX\tex/generic/ltxcmds\ltxcmds.sty
Package: ltxcmds 2020-05-10 v1.25 LaTeX kernel commands for general use (HO)
)
(D:\latex\tex/generic/iftex\iftex.sty
Package: iftex 2020/03/06 v1.0d TeX engine tests
)
(D:\latex\tex/generic/pdftexcmds\pdftexcmds.sty
Package: pdftexcmds 2020-06-27 v0.33 Utility functions of pdfTeX for LuaTeX (HO
)

(C:\Users\123\AppData\Roaming\MiKTeX\tex/generic/infwarerr\infwarerr.sty
Package: infwarerr 2019/12/03 v1.5 Providing info/warning/error messages (HO)
)
Package pdftexcmds Info: \pdf@primitive is available.
Package pdftexcmds Info: \pdf@ifprimitive is available.
Package pdftexcmds Info: \pdfdraftmode found.
)
(C:\Users\123\AppData\Roaming\MiKTeX\tex/generic/kvsetkeys\kvsetkeys.sty
Package: kvsetkeys 2019/12/15 v1.18 Key value parser (HO)
)
(C:\Users\123\AppData\Roaming\MiKTeX\tex/generic/kvdefinekeys\kvdefinekeys.sty
Package: kvdefinekeys 2019-12-19 v1.6 Define keys (HO)
) (C:\Users\123\AppData\Roaming\MiKTeX\tex/generic/pdfescape\pdfescape.sty
Package: pdfescape 2019/12/09 v1.15 Implements pdfTeX's escape features (HO)
)
(C:\Users\123\AppData\Roaming\MiKTeX\tex/latex/hycolor\hycolor.sty
Package: hycolor 2020-01-27 v1.10 Color options for hyperref/bookmark (HO)
)
(C:\Users\123\AppData\Roaming\MiKTeX\tex/latex/letltxmacro\letltxmacro.sty
Package: letltxmacro 2019/12/03 v1.6 Let assignment for LaTeX macros (HO)
)
(C:\Users\123\AppData\Roaming\MiKTeX\tex/latex/auxhook\auxhook.sty
Package: auxhook 2019-12-17 v1.6 Hooks for auxiliary files (HO)
)
(C:\Users\123\AppData\Roaming\MiKTeX\tex/latex/kvoptions\kvoptions.sty
Package: kvoptions 2022-06-15 v3.15 Key value format for package options (HO)
)
\@linkdim=\dimen161
\Hy@linkcounter=\count189
\Hy@pagecounter=\count190

(D:\latex\tex/latex/hyperref\pd1enc.def
File: pd1enc.def 2020-05-15 v7.00e Hyperref: PDFDocEncoding definition (HO)
Now handling font encoding PD1 ...
... no UTF-8 mapping file for font encoding PD1
)
(C:\Users\123\AppData\Roaming\MiKTeX\tex/generic/intcalc\intcalc.sty
Package: intcalc 2019/12/15 v1.3 Expandable calculations with integers (HO)
)
(C:\Users\123\AppData\Roaming\MiKTeX\tex/generic/etexcmds\etexcmds.sty
Package: etexcmds 2019/12/15 v1.7 Avoid name clashes with e-TeX commands (HO)
)
\Hy@SavedSpaceFactor=\count191
Package hyperref Info: Hyper figures OFF on input line 4464.
Package hyperref Info: Link nesting OFF on input line 4469.
Package hyperref Info: Hyper index ON on input line 4472.
Package hyperref Info: Plain pages OFF on input line 4479.
Package hyperref Info: Backreferencing OFF on input line 4484.
Package hyperref Info: Implicit mode ON; LaTeX internals redefined.
Package hyperref Info: Bookmarks ON on input line 4717.
\c@Hy@tempcnt=\count192

(D:\latex\tex/latex/url\url.sty
\Urlmuskip=\muskip16
Package: url 2013/09/16  ver 3.4  Verb mode for urls, etc.
)
LaTeX Info: Redefining \url on input line 5076.
\XeTeXLinkMargin=\dimen162

(C:\Users\123\AppData\Roaming\MiKTeX\tex/generic/bitset\bitset.sty
Package: bitset 2019/12/09 v1.3 Handle bit-vector datatype (HO)

(C:\Users\123\AppData\Roaming\MiKTeX\tex/generic/bigintcalc\bigintcalc.sty
Package: bigintcalc 2019/12/15 v1.5 Expandable calculations on big integers (HO
)
))
\Fld@menulength=\count193
\Field@Width=\dimen163
\Fld@charsize=\dimen164
Package hyperref Info: Hyper figures OFF on input line 6347.
Package hyperref Info: Link nesting OFF on input line 6352.
Package hyperref Info: Hyper index ON on input line 6355.
Package hyperref Info: backreferencing OFF on input line 6362.
Package hyperref Info: Link coloring OFF on input line 6367.
Package hyperref Info: Link coloring with OCG OFF on input line 6372.
Package hyperref Info: PDF/A mode OFF on input line 6377.
LaTeX Info: Redefining \ref on input line 6417.
LaTeX Info: Redefining \pageref on input line 6421.

(D:\latex\tex/latex/base\atbegshi-ltx.sty
Package: atbegshi-ltx 2020/08/17 v1.0a Emulation of the original atbegshi packa
ge
with kernel methods
)
\Hy@abspage=\count194
\c@Item=\count195
\c@Hfootnote=\count196
)
Package hyperref Info: Driver (autodetected): hpdftex.

(D:\latex\tex/latex/hyperref\hpdftex.def
File: hpdftex.def 2020-05-15 v7.00e Hyperref driver for pdfTeX

(D:\latex\tex/latex/base\atveryend-ltx.sty
Package: atveryend-ltx 2020/08/19 v1.0a Emulation of the original atvery packag
e
with kernel methods
)
\Fld@listcount=\count197
\c@bookmark@seq@number=\count198

(C:\Users\123\AppData\Roaming\MiKTeX\tex/latex/rerunfilecheck\rerunfilecheck.st
y
Package: rerunfilecheck 2022-07-10 v1.10 Rerun checks for auxiliary files (HO)

(C:\Users\123\AppData\Roaming\MiKTeX\tex/generic/uniquecounter\uniquecounter.st
y
Package: uniquecounter 2019/12/15 v1.4 Provide unlimited unique counter (HO)
)
Package uniquecounter Info: New unique counter `rerunfilecheck' on input line 2
85.
)
\Hy@SectionHShift=\skip51
)
Package hyperref Info: Option `colorlinks' set `true' on input line 14.
 (C:\Users\123\AppData\Roaming\MiKTeX\tex/latex/natbib\natbib.sty
Package: natbib 2010/09/13 8.31b (PWD, AO)
\bibhang=\skip52
\bibsep=\skip53
LaTeX Info: Redefining \cite on input line 694.
\c@NAT@ctr=\count199
)
(../Comments.tex (D:\latex\tex/latex/graphics\color.sty
Package: color 2020/02/24 v1.2b Standard LaTeX Color (DPC)

(D:\latex\tex/latex/graphics-cfg\color.cfg
File: color.cfg 2016/01/02 v1.6 sample color configuration
)
Package color Info: Driver file: pdftex.def on input line 147.
)) (../Common.tex
Package hyperref Info: Option `colorlinks' set `true' on input line 13.
Package hyperref Info: Option `unicode' set `false' on input line 13.
)
(D:\latex\tex/latex/l3backend\l3backend-pdftex.def
File: l3backend-pdftex.def 2020-09-24 L3 backend support: PDF output (pdfTeX)
\l__kernel_color_stack_int=\count266
\l__pdf_internal_box=\box51
) (VnVReport.aux)
\openout1 = `VnVReport.aux'.

LaTeX Font Info:    Checking defaults for OML/cmm/m/it on input line 20.
LaTeX Font Info:    ... okay on input line 20.
LaTeX Font Info:    Checking defaults for OMS/cmsy/m/n on input line 20.
LaTeX Font Info:    ... okay on input line 20.
LaTeX Font Info:    Checking defaults for OT1/cmr/m/n on input line 20.
LaTeX Font Info:    ... okay on input line 20.
LaTeX Font Info:    Checking defaults for T1/cmr/m/n on input line 20.
LaTeX Font Info:    ... okay on input line 20.
LaTeX Font Info:    Checking defaults for TS1/cmr/m/n on input line 20.
LaTeX Font Info:    ... okay on input line 20.
LaTeX Font Info:    Checking defaults for OMX/cmex/m/n on input line 20.
LaTeX Font Info:    ... okay on input line 20.
LaTeX Font Info:    Checking defaults for U/cmr/m/n on input line 20.
LaTeX Font Info:    ... okay on input line 20.
LaTeX Font Info:    Checking defaults for PD1/pdf/m/n on input line 20.
LaTeX Font Info:    ... okay on input line 20.

(D:\latex\tex/context/base/mkii\supp-pdf.mkii
[Loading MPS to PDF converter (version 2006.09.02).]
\scratchcounter=\count267
\scratchdimen=\dimen165
\scratchbox=\box52
\nofMPsegments=\count268
\nofMParguments=\count269
\everyMPshowfont=\toks20
\MPscratchCnt=\count270
\MPscratchDim=\dimen166
\MPnumerator=\count271
\makeMPintoPDFobject=\count272
\everyMPtoPDFconversion=\toks21
) (D:\latex\tex/latex/epstopdf-pkg\epstopdf-base.sty
Package: epstopdf-base 2020-01-24 v2.11 Base part for package epstopdf
Package epstopdf-base Info: Redefining graphics rule for `.eps' on input line 4
85.
)
Package hyperref Info: Link coloring ON on input line 20.

(D:\latex\tex/latex/hyperref\nameref.sty
Package: nameref 2019/09/16 v2.46 Cross-referencing by name of section

(C:\Users\123\AppData\Roaming\MiKTeX\tex/latex/refcount\refcount.sty
Package: refcount 2019/12/15 v3.6 Data extraction from label references (HO)
)
(C:\Users\123\AppData\Roaming\MiKTeX\tex/generic/gettitlestring\gettitlestring.
sty
Package: gettitlestring 2019/12/15 v1.6 Cleanup title references (HO)
)
\c@section@level=\count273
)
LaTeX Info: Redefining \ref on input line 20.
LaTeX Info: Redefining \pageref on input line 20.
LaTeX Info: Redefining \nameref on input line 20.
 (VnVReport.out) (VnVReport.out)
\@outlinefile=\write3
\openout3 = `VnVReport.out'.

LaTeX Font Info:    External font `cmex10' loaded for size
(Font)              <14.4> on input line 27.
LaTeX Font Info:    External font `cmex10' loaded for size
(Font)              <7> on input line 27.
 [1

{C:/Users/123/AppData/Local/MiKTeX/pdftex/config/pdftex.map}] [1] (VnVReport.to
c)
\tf@toc=\write4
\openout4 = `VnVReport.toc'.

 (VnVReport.lot [2])
\tf@lot=\write5
\openout5 = `VnVReport.lot'.

 [3]pdfTeX warning (ext4): destination with the same identifier (name{page.1}) 
has been already used, duplicate ignored
<to be read again> 
                   \relax 
l.57 ~\newpage
               [1]

Package hyperref Warning: Difference (2) between bookmark levels is greater 
(hyperref)                than one, level fixed on input line 60.


Overfull \hbox (10.07497pt too wide) in paragraph at lines 65--83
 [] 
 []


Overfull \hbox (10.07497pt too wide) in paragraph at lines 89--107
 [] 
 []


Overfull \hbox (10.07497pt too wide) in paragraph at lines 113--131
 [] 
 []

[2]
Overfull \hbox (10.07497pt too wide) in paragraph at lines 137--154
 [] 
 []


Overfull \hbox (10.07497pt too wide) in paragraph at lines 160--177
 [] 
 []

[3]
Overfull \hbox (10.07497pt too wide) in paragraph at lines 183--200
 [] 
 []


Overfull \hbox (10.07497pt too wide) in paragraph at lines 206--224
 [] 
 []

[4]
Overfull \hbox (10.07497pt too wide) in paragraph at lines 230--247
 [] 
 []


Underfull \hbox (badness 2189) in paragraph at lines 259--260
[]|\OT1/cmr/m/n/12 To check the record in the lo-cal folder, it
 []

<UT2.png, id=196, 475.7775pt x 149.96025pt>
File: UT2.png Graphic file (type png)
<use UT2.png>
Package pdftex.def Info: UT2.png  used on input line 265.
(pdftex.def)             Requested size: 256.0884pt x 99.5873pt.

Overfull \hbox (10.07497pt too wide) in paragraph at lines 253--270
 [] 
 []

[5] [6 <./UT2.png>]
<UT41.png, id=207, 251.13824pt x 125.268pt>
File: UT41.png Graphic file (type png)
<use UT41.png>
Package pdftex.def Info: UT41.png  used on input line 290.
(pdftex.def)             Requested size: 256.08481pt x 130.88347pt.
<UT42.png, id=208, 243.91125pt x 138.5175pt>
File: UT42.png Graphic file (type png)
<use UT42.png>
Package pdftex.def Info: UT42.png  used on input line 290.
(pdftex.def)             Requested size: 253.2337pt x 136.57263pt.

Overfull \hbox (10.07497pt too wide) in paragraph at lines 278--295
 [] 
 []


Overfull \hbox (10.07497pt too wide) in paragraph at lines 301--318
 [] 
 []

[7 <./UT41.png> <./UT42.png>]
Overfull \hbox (10.07497pt too wide) in paragraph at lines 324--341
 [] 
 []


Overfull \hbox (10.07497pt too wide) in paragraph at lines 347--364
 [] 
 []

[8]
<11.png, id=220, 602.25pt x 376.40625pt>
File: 11.png Graphic file (type png)
<use 11.png>
Package pdftex.def Info: 11.png  used on input line 385.
(pdftex.def)             Requested size: 227.62596pt x 156.49284pt.

Overfull \hbox (10.07497pt too wide) in paragraph at lines 373--390
 [] 
 []


Overfull \hbox (10.07497pt too wide) in paragraph at lines 396--413
 [] 
 []

[9 <./11.png>]
Overfull \hbox (10.07497pt too wide) in paragraph at lines 419--436
 [] 
 []

<UIR11.png, id=228, 341.02406pt x 249.93375pt>
File: UIR11.png Graphic file (type png)
<use UIR11.png>
Package pdftex.def Info: UIR11.png  used on input line 454.
(pdftex.def)             Requested size: 227.62633pt x 156.49423pt.

Overfull \hbox (10.07497pt too wide) in paragraph at lines 442--459
 [] 
 []

[10]
Overfull \hbox (10.07497pt too wide) in paragraph at lines 467--484
 [] 
 []

<UIR51.png, id=233, 337.26pt x 248.80453pt>
File: UIR51.png Graphic file (type png)
<use UIR51.png>
Package pdftex.def Info: UIR51.png  used on input line 502.
(pdftex.def)             Requested size: 227.62523pt x 156.4933pt.

Overfull \hbox (10.07497pt too wide) in paragraph at lines 490--507
 [] 
 []

[11 <./UIR11.png>]
Overfull \hbox (10.07497pt too wide) in paragraph at lines 517--534
 [] 
 []

[12 <./UIR51.png>]
Overfull \hbox (10.07497pt too wide) in paragraph at lines 540--557
 [] 
 []


Overfull \hbox (10.07497pt too wide) in paragraph at lines 563--580
 [] 
 []

[13]
Overfull \hbox (10.07497pt too wide) in paragraph at lines 587--604
 [] 
 []


Overfull \hbox (10.07497pt too wide) in paragraph at lines 610--627
 [] 
 []

[14]
Overfull \hbox (10.07497pt too wide) in paragraph at lines 633--650
 [] 
 []

[15]
Overfull \hbox (10.07497pt too wide) in paragraph at lines 656--673
 [] 
 []


Overfull \hbox (10.07497pt too wide) in paragraph at lines 679--696
 [] 
 []

LaTeX Font Info:    Trying to load font information for OMS+cmr on input line 7
14.
(D:\latex\tex/latex/base\omscmr.fd
File: omscmr.fd 2019/12/16 v2.5j Standard LaTeX font definitions
)
LaTeX Font Info:    Font shape `OMS/cmr/m/n' in size <12> not available
(Font)              Font shape `OMS/cmsy/m/n' tried instead on input line 714.
File: UT2.png Graphic file (type png)
<use UT2.png>
Package pdftex.def Info: UT2.png  used on input line 716.
(pdftex.def)             Requested size: 256.0884pt x 99.5873pt.

Overfull \hbox (10.07497pt too wide) in paragraph at lines 704--721
 [] 
 []

[16]
Underfull \hbox (badness 2245) in paragraph at lines 736--737
[]|\OT1/cmr/m/n/12 item\OMS/cmsy/m/n/12 f\OT1/cmr/m/n/12 num\OMS/cmsy/m/n/12 g[
]f\OT1/cmr/m/n/12 date and time\OMS/cmsy/m/n/12 g\OT1/cmr/m/n/12 .png is stored
 in
 []


Underfull \hbox (badness 10000) in paragraph at lines 738--738
[]|\OT1/cmr/m/n/12 item1[]2023[]3[]8[]12[]23[]41[]945208.png is within
 []

File: UT2.png Graphic file (type png)
<use UT2.png>
Package pdftex.def Info: UT2.png  used on input line 738.
(pdftex.def)             Requested size: 256.0884pt x 99.5873pt.

Overfull \hbox (10.07497pt too wide) in paragraph at lines 726--743
 [] 
 []

[17]
<UT1.png, id=266, 205.9695pt x 123.46124pt>
File: UT1.png Graphic file (type png)
<use UT1.png>
Package pdftex.def Info: UT1.png  used on input line 761.
(pdftex.def)             Requested size: 227.61998pt x 156.49825pt.

Underfull \hbox (badness 5050) in paragraph at lines 761--762
[]|\OT1/cmr/m/n/12 3 fold-ers (Fold-er-Screen-Shot, item, lo-ca-tion)
 []


Overfull \hbox (8.75313pt too wide) in paragraph at lines 761--762
\OT1/cmr/m/n/12 created[]| 
 []


Overfull \hbox (10.07497pt too wide) in paragraph at lines 749--766
 [] 
 []


Overfull \hbox (10.07497pt too wide) in paragraph at lines 771--788
 [] 
 []

[18]
<UT3.png, id=271, 473.3685pt x 134.30174pt>
File: UT3.png Graphic file (type png)
<use UT3.png>
Package pdftex.def Info: UT3.png  used on input line 805.
(pdftex.def)             Requested size: 256.08467pt x 93.89581pt.

Overfull \hbox (10.07497pt too wide) in paragraph at lines 793--810
 [] 
 []


Underfull \hbox (badness 10000) in paragraph at lines 825--826
[]|\OT1/cmr/m/n/12 item1[]\OMS/cmsy/m/n/12 f\OT1/cmr/m/n/12 date and time\OMS/c
msy/m/n/12 g\OT1/cmr/m/n/12 .png should re-main,
 []

File: UT41.png Graphic file (type png)
<use UT41.png>
Package pdftex.def Info: UT41.png  used on input line 827.
(pdftex.def)             Requested size: 256.08481pt x 130.88347pt.
File: UT42.png Graphic file (type png)
<use UT42.png>
Package pdftex.def Info: UT42.png  used on input line 827.
(pdftex.def)             Requested size: 253.2337pt x 136.57263pt.

Overfull \hbox (10.07497pt too wide) in paragraph at lines 815--832
 [] 
 []

[19 <./UT1.png>] [20 <./UT3.png>]
Underfull \hbox (badness 10000) in paragraph at lines 837--838

 []

[21]
Underfull \hbox (badness 10000) in paragraph at lines 839--840

 []


Underfull \hbox (badness 10000) in paragraph at lines 841--842

 []


Overfull \hbox (33.70212pt too wide) in paragraph at lines 846--879
[][] 
 []

[22]
Overfull \hbox (33.70212pt too wide) in paragraph at lines 885--904
[][] 
 []


Overfull \hbox (33.70212pt too wide) in paragraph at lines 910--933
[][] 
 []

[23]
Overfull \hbox (33.70212pt too wide) in paragraph at lines 938--950
[][] 
 []

No file VnVReport.bbl.
[24] [25] (VnVReport.aux)
Package rerunfilecheck Info: File `VnVReport.out' has not changed.
(rerunfilecheck)             Checksum: 3CBBDDF279AF08E7AB03F15F6D38AB7C;1114.
 ) 
Here is how much of TeX's memory you used:
 5903 strings out of 479799
 88320 string characters out of 2886640
 397709 words of memory out of 3000000
 22694 multiletter control sequences out of 15000+200000
 540256 words of font info for 46 fonts, out of 3000000 for 9000
 1141 hyphenation exceptions out of 8191
 66i,15n,72p,1119b,370s stack positions out of 5000i,500n,10000p,200000b,50000s
<D:/latex/fonts/type1/public/amsfonts/cm/cmbx12.pfb><D:/latex/fonts/type1/pub
lic/amsfonts/cm/cmr12.pfb><D:/latex/fonts/type1/public/amsfonts/cm/cmr17.pfb><D
:/latex/fonts/type1/public/amsfonts/cm/cmsy10.pfb>
Output written on VnVReport.pdf (29 pages, 467740 bytes).
PDF statistics:
 340 PDF objects out of 1000 (max. 8388607)
 89 named destinations out of 1000 (max. 500000)
 169 words of extra memory for PDF output out of 10000 (max. 10000000)

